<?xml version="1.0" encoding="UTF-8"?>
<!-- Generated by org.testng.reporters.JUnitReportReporter -->
<testsuite skipped="0" hostname="VAIO" name="com.archs.testCases.HospitalSalesAccountDetailsTest" tests="1" failures="0" timestamp="10 Jun 2019 03:24:38 GMT" time="83.807" errors="0">
  <testcase name="clickCATButton" time="83.807" classname="com.archs.testCases.HospitalSalesAccountDetailsTest"/>
</testsuite> <!-- com.archs.testCases.HospitalSalesAccountDetailsTest -->
