<?xml version="1.0" encoding="UTF-8"?>
<!-- Generated by org.testng.reporters.JUnitReportReporter -->
<testsuite skipped="0" hostname="VAIO" name="com.archs.testCases.HospitalSalesPatientServiceTypeTest" tests="1" failures="0" timestamp="04 Sep 2019 02:28:56 GMT" time="55.344" errors="0">
  <testcase name="HSPatientServiceStatusTest" time="55.344" classname="com.archs.testCases.HospitalSalesPatientServiceTypeTest"/>
</testsuite> <!-- com.archs.testCases.HospitalSalesPatientServiceTypeTest -->
