<?xml version="1.0" encoding="UTF-8"?>
<!-- Generated by org.testng.reporters.JUnitReportReporter -->
<testsuite skipped="0" hostname="VAIO" name="com.archs.testCases.HospitalSalesCreateNewPatientServiceContractTest" tests="1" failures="0" timestamp="27 Aug 2019 17:36:52 GMT" time="135.157" errors="0">
  <testcase name="createNewPatientServiceContractTest" time="135.157" classname="com.archs.testCases.HospitalSalesCreateNewPatientServiceContractTest"/>
</testsuite> <!-- com.archs.testCases.HospitalSalesCreateNewPatientServiceContractTest -->
