<?xml version="1.0" encoding="UTF-8"?>
<!-- Generated by org.testng.reporters.JUnitReportReporter -->
<testsuite skipped="0" hostname="VAIO" name="com.archs.testCases.SingleHospitalSalesEndToEndTest" tests="1" failures="0" timestamp="23 Jul 2019 14:52:07 GMT" time="446.257" errors="0">
  <testcase name="SingleHSEndToEndTest" time="446.257" classname="com.archs.testCases.SingleHospitalSalesEndToEndTest"/>
</testsuite> <!-- com.archs.testCases.SingleHospitalSalesEndToEndTest -->
