<?xml version="1.0" encoding="UTF-8"?>
<!-- Generated by org.testng.reporters.JUnitReportReporter -->
<testsuite skipped="0" hostname="VAIO" name="com.archs.testCases.SingleHSCATStatusPricingDirectorReject" tests="1" failures="0" timestamp="13 Sep 2019 02:24:37 GMT" time="92.120" errors="0">
  <testcase name="SingleHSCATRejectStatusPricingDirector" time="92.120" classname="com.archs.testCases.SingleHSCATStatusPricingDirectorReject"/>
</testsuite> <!-- com.archs.testCases.SingleHSCATStatusPricingDirectorReject -->
