<?xml version="1.0" encoding="UTF-8"?>
<!-- Generated by org.testng.reporters.JUnitReportReporter -->
<testsuite skipped="0" hostname="VAIO" name="com.archs.testCases.SingleHSCATStatusDirectorReject" tests="1" failures="0" timestamp="13 Sep 2019 02:26:41 GMT" time="74.292" errors="0">
  <testcase name="SingleHSCATRejectStatusDirector" time="74.292" classname="com.archs.testCases.SingleHSCATStatusDirectorReject"/>
</testsuite> <!-- com.archs.testCases.SingleHSCATStatusDirectorReject -->
