<?xml version="1.0" encoding="UTF-8"?>
<!-- Generated by org.testng.reporters.JUnitReportReporter -->
<testsuite skipped="0" hostname="VAIO" name="com.archs.testCases.SingleHospitalSalesCATPendingApprovalStatusTest" tests="1" failures="0" timestamp="10 Sep 2019 14:23:12 GMT" time="71.013" errors="0">
  <testcase name="SingleHSCATPendingApprovalStatusTest" time="71.013" classname="com.archs.testCases.SingleHospitalSalesCATPendingApprovalStatusTest"/>
</testsuite> <!-- com.archs.testCases.SingleHospitalSalesCATPendingApprovalStatusTest -->
