<?xml version="1.0" encoding="UTF-8"?>
<!-- Generated by org.testng.reporters.JUnitReportReporter -->
<testsuite skipped="0" hostname="VAIO" name="com.archs.testCases.SingleHSCATStatusOnlyDirectorApproval" tests="1" failures="0" timestamp="13 Sep 2019 16:00:00 GMT" time="174.369" errors="0">
  <testcase name="SingleHSCATStatusOnlyDirectorApprovalStatus" time="174.369" classname="com.archs.testCases.SingleHSCATStatusOnlyDirectorApproval"/>
</testsuite> <!-- com.archs.testCases.SingleHSCATStatusOnlyDirectorApproval -->
