<?xml version="1.0" encoding="UTF-8"?>
<!-- Generated by org.testng.reporters.JUnitReportReporter -->
<testsuite skipped="0" hostname="VAIO" name="com.archs.testCases.SingleHospitalSalesPriceListValidationTest" tests="1" failures="0" timestamp="01 Nov 2019 14:12:20 GMT" time="242.543" errors="0">
  <testcase name="SingleHSPriceListValidationTest" time="242.543" classname="com.archs.testCases.SingleHospitalSalesPriceListValidationTest"/>
</testsuite> <!-- com.archs.testCases.SingleHospitalSalesPriceListValidationTest -->
