<?xml version="1.0" encoding="UTF-8"?>
<!-- Generated by org.testng.reporters.JUnitReportReporter -->
<testsuite skipped="0" hostname="VAIO" name="com.archs.testCases.HospitalSalesPatientServiceContractExtendDateTest" tests="1" failures="0" timestamp="14 Sep 2019 19:39:17 GMT" time="255.859" errors="0">
  <testcase name="HSPatientServiceContractExtendDateTest" time="255.859" classname="com.archs.testCases.HospitalSalesPatientServiceContractExtendDateTest"/>
</testsuite> <!-- com.archs.testCases.HospitalSalesPatientServiceContractExtendDateTest -->
