<?xml version="1.0" encoding="UTF-8"?>
<!-- Generated by org.testng.reporters.JUnitReportReporter -->
<testsuite skipped="0" hostname="VAIO" name="com.archs.testCases.SingleHospitalSalesXMLAttachmentValidationTest" tests="1" failures="0" timestamp="01 Nov 2019 15:36:30 GMT" time="381.601" errors="0">
  <testcase name="SingleHSXMLValidationTest" time="381.601" classname="com.archs.testCases.SingleHospitalSalesXMLAttachmentValidationTest"/>
</testsuite> <!-- com.archs.testCases.SingleHospitalSalesXMLAttachmentValidationTest -->
