<?xml version="1.0" encoding="UTF-8"?>
<!-- Generated by org.testng.reporters.JUnitReportReporter -->
<testsuite skipped="0" hostname="VAIO" name="com.archs.testCases.SingleHospitalSalesCATColorValidatonTest" tests="1" failures="0" timestamp="01 Nov 2019 15:19:05 GMT" time="114.813" errors="0">
  <testcase name="SingleHospitalSalesCATColourValidatonTest" time="114.813" classname="com.archs.testCases.SingleHospitalSalesCATColorValidatonTest"/>
</testsuite> <!-- com.archs.testCases.SingleHospitalSalesCATColorValidatonTest -->
