<?xml version="1.0" encoding="UTF-8"?>
<!-- Generated by org.testng.reporters.JUnitReportReporter -->
<testsuite skipped="0" hostname="VAIO" name="com.archs.testCases.HospitalSalesPatientServiceStatusTest" tests="1" failures="0" timestamp="10 Sep 2019 14:21:05 GMT" time="56.687" errors="0">
  <testcase name="HSPatientServiceStatusTest" time="56.687" classname="com.archs.testCases.HospitalSalesPatientServiceStatusTest"/>
</testsuite> <!-- com.archs.testCases.HospitalSalesPatientServiceStatusTest -->
