<?xml version="1.0" encoding="UTF-8"?>
<!-- Generated by org.testng.reporters.JUnitReportReporter -->
<testsuite skipped="0" hostname="VAIO" name="com.archs.testCases.SingleHospitalSalesPriceListApprovalValidationTest" tests="1" failures="0" timestamp="01 Nov 2019 15:49:10 GMT" time="257.240" errors="0">
  <testcase name="SingleHSPriceListApprovalValidationTest" time="257.240" classname="com.archs.testCases.SingleHospitalSalesPriceListApprovalValidationTest"/>
</testsuite> <!-- com.archs.testCases.SingleHospitalSalesPriceListApprovalValidationTest -->
