<?xml version="1.0" encoding="UTF-8"?>
<!-- Generated by org.testng.reporters.JUnitReportReporter -->
<testsuite skipped="0" hostname="VAIO" name="com.archs.testCases.HospitalSalesLoginPageTest" tests="1" failures="0" timestamp="08 Jun 2019 20:42:29 GMT" time="31.231" errors="0">
  <testcase name="HSLoginPageTest" time="31.231" classname="com.archs.testCases.HospitalSalesLoginPageTest"/>
</testsuite> <!-- com.archs.testCases.HospitalSalesLoginPageTest -->
