<?xml version="1.0" encoding="UTF-8"?>
<!-- Generated by org.testng.reporters.JUnitReportReporter -->
<testsuite skipped="0" hostname="VAIO" name="com.archs.testCases.SingleHospitalSalesEndToEndTest" tests="1" failures="0" timestamp="24 Jul 2019 23:26:48 GMT" time="379.777" errors="0">
  <testcase name="SingleHSEndToEndTest" time="379.777" classname="com.archs.testCases.SingleHospitalSalesEndToEndTest"/>
</testsuite> <!-- com.archs.testCases.SingleHospitalSalesEndToEndTest -->
